<?xml version="1.0" encoding="UTF-8"?>
<!-- Generated by org.testng.reporters.JUnitReportReporter -->
<testsuite hostname="Rajeev-Dell" name="com.hrm.pages.TestSearchBtn" tests="1" failures="0" timestamp="21 Feb 2017 15:56:40 GMT" time="4.538" errors="0">
  <testcase name="testSearchBtn" time="4.538" classname="com.hrm.pages.TestSearchBtn"/>
</testsuite> <!-- com.hrm.pages.TestSearchBtn -->
