<?xml version="1.0" encoding="UTF-8"?>
<!-- Generated by org.testng.reporters.JUnitReportReporter -->
<testsuite hostname="kruthika" name="com.hrm.scripts.LoginLogoutTest" tests="1" failures="0" timestamp="24 Feb 2017 15:24:12 GMT" time="5.744" errors="0">
  <testcase name="testAutoLoginLogout" time="5.744" classname="com.hrm.scripts.LoginLogoutTest"/>
</testsuite> <!-- com.hrm.scripts.LoginLogoutTest -->
