<?xml version="1.0" encoding="UTF-8"?>
<!-- Generated by org.testng.reporters.JUnitReportReporter -->
<testsuite hostname="Rajeev-Dell" name="com.hrm.scripts.TestSearchBtn" tests="1" failures="0" timestamp="23 Feb 2017 15:17:34 GMT" time="6.889" errors="0">
  <testcase name="testSearchBtn" time="6.889" classname="com.hrm.scripts.TestSearchBtn"/>
</testsuite> <!-- com.hrm.scripts.TestSearchBtn -->
